-------------------------------------------------------------------------------
Test set: com.rizomm.matgot.marieu.fou.product.ProductEJBTest
-------------------------------------------------------------------------------
Tests run: 1, Failures: 0, Errors: 1, Skipped: 0, Time elapsed: 2.489 sec <<< FAILURE!
shouldCreateABook(com.rizomm.matgot.marieu.fou.product.ProductEJBTest)  Time elapsed: 2.202 sec  <<< ERROR!
javax.naming.NamingException: Lookup failed for 'java:global/chapitre2-samples-1.0.0-SNAPSHOT/BookEJB01' in SerialContext[myEnv={java.naming.factory.initial=com.sun.enterprise.naming.impl.SerialInitContextFactory, java.naming.factory.state=com.sun.corba.ee.impl.presentation.rmi.JNDIStateFactoryImpl, java.naming.factory.url.pkgs=com.sun.enterprise.naming} [Root exception is javax.naming.NamingException: ejb ref resolution error for remote business interfaceorg.kearis.formation.javaee7.chapitre2.ex01.BookEJBRemote01 [Root exception is java.lang.ClassNotFoundException: org.kearis.formation.javaee7.chapitre2.ex01.BookEJBRemote01]]
	at com.sun.enterprise.naming.impl.SerialContext.lookup(SerialContext.java:491)
	at com.sun.enterprise.naming.impl.SerialContext.lookup(SerialContext.java:438)
	at javax.naming.InitialContext.lookup(InitialContext.java:417)
	at com.rizomm.matgot.marieu.fou.product.ProductEJBTest.shouldCreateABook(ProductEJBTest.java:24)
	at sun.reflect.NativeMethodAccessorImpl.invoke0(Native Method)
	at sun.reflect.NativeMethodAccessorImpl.invoke(NativeMethodAccessorImpl.java:62)
	at sun.reflect.DelegatingMethodAccessorImpl.invoke(DelegatingMethodAccessorImpl.java:43)
	at java.lang.reflect.Method.invoke(Method.java:498)
	at org.junit.runners.model.FrameworkMethod$1.runReflectiveCall(FrameworkMethod.java:47)
	at org.junit.internal.runners.model.ReflectiveCallable.run(ReflectiveCallable.java:12)
	at org.junit.runners.model.FrameworkMethod.invokeExplosively(FrameworkMethod.java:44)
	at org.junit.internal.runners.statements.InvokeMethod.evaluate(InvokeMethod.java:17)
	at org.junit.runners.ParentRunner.runLeaf(ParentRunner.java:271)
	at org.junit.runners.BlockJUnit4ClassRunner.runChild(BlockJUnit4ClassRunner.java:70)
	at org.junit.runners.BlockJUnit4ClassRunner.runChild(BlockJUnit4ClassRunner.java:50)
	at org.junit.runners.ParentRunner$3.run(ParentRunner.java:238)
	at org.junit.runners.ParentRunner$1.schedule(ParentRunner.java:63)
	at org.junit.runners.ParentRunner.runChildren(ParentRunner.java:236)
	at org.junit.runners.ParentRunner.access$000(ParentRunner.java:53)
	at org.junit.runners.ParentRunner$2.evaluate(ParentRunner.java:229)
	at org.junit.internal.runners.statements.RunBefores.evaluate(RunBefores.java:26)
	at org.junit.internal.runners.statements.RunAfters.evaluate(RunAfters.java:27)
	at org.junit.runners.ParentRunner.run(ParentRunner.java:309)
	at org.apache.maven.surefire.junit4.JUnit4TestSet.execute(JUnit4TestSet.java:53)
	at org.apache.maven.surefire.junit4.JUnit4Provider.executeTestSet(JUnit4Provider.java:123)
	at org.apache.maven.surefire.junit4.JUnit4Provider.invoke(JUnit4Provider.java:104)
	at sun.reflect.NativeMethodAccessorImpl.invoke0(Native Method)
	at sun.reflect.NativeMethodAccessorImpl.invoke(NativeMethodAccessorImpl.java:62)
	at sun.reflect.DelegatingMethodAccessorImpl.invoke(DelegatingMethodAccessorImpl.java:43)
	at java.lang.reflect.Method.invoke(Method.java:498)
	at org.apache.maven.surefire.util.ReflectionUtils.invokeMethodWithArray(ReflectionUtils.java:164)
	at org.apache.maven.surefire.booter.ProviderFactory$ProviderProxy.invoke(ProviderFactory.java:110)
	at org.apache.maven.surefire.booter.SurefireStarter.invokeProvider(SurefireStarter.java:175)
	at org.apache.maven.surefire.booter.SurefireStarter.runSuitesInProcessWhenForked(SurefireStarter.java:107)
	at org.apache.maven.surefire.booter.ForkedBooter.main(ForkedBooter.java:68)
Caused by: javax.naming.NamingException: ejb ref resolution error for remote business interfaceorg.kearis.formation.javaee7.chapitre2.ex01.BookEJBRemote01 [Root exception is java.lang.ClassNotFoundException: org.kearis.formation.javaee7.chapitre2.ex01.BookEJBRemote01]
	at com.sun.ejb.EJBUtils.lookupRemote30BusinessObject(EJBUtils.java:433)
	at com.sun.ejb.containers.RemoteBusinessObjectFactory.getObjectInstance(RemoteBusinessObjectFactory.java:75)
	at javax.naming.spi.NamingManager.getObjectInstance(NamingManager.java:321)
	at com.sun.enterprise.naming.impl.SerialContext.getObjectInstance(SerialContext.java:527)
	at com.sun.enterprise.naming.impl.SerialContext.lookup(SerialContext.java:487)
	... 34 more
Caused by: java.lang.ClassNotFoundException: org.kearis.formation.javaee7.chapitre2.ex01.BookEJBRemote01
	at java.net.URLClassLoader.findClass(URLClassLoader.java:381)
	at java.lang.ClassLoader.loadClass(ClassLoader.java:424)
	at sun.misc.Launcher$AppClassLoader.loadClass(Launcher.java:331)
	at java.lang.ClassLoader.loadClass(ClassLoader.java:357)
	at com.sun.ejb.EJBUtils.getBusinessIntfClassLoader(EJBUtils.java:685)
	at com.sun.ejb.EJBUtils.loadGeneratedRemoteBusinessClasses(EJBUtils.java:462)
	at com.sun.ejb.EJBUtils.lookupRemote30BusinessObject(EJBUtils.java:413)
	... 38 more
