<?xml version="1.0" encoding="UTF-8" ?>
<testsuite tests="1" failures="0" name="com.rizomm.matgot.marieu.fou.ejb.ProductEJBTest" time="2.363" errors="1" skipped="0">
  <properties>
[...]
</properties>
  <testcase classname="com.rizomm.matgot.marieu.fou.ejb.ProductEJBTest" name="shouldCreateFailProduct" time="2.305">
    <error message="Lookup failed for &apos;java:global/marieu.fou-1.0.0-SNAPSHOT/ProductDAO&apos; in SerialContext[myEnv={java.naming.factory.initial=com.sun.enterprise.naming.impl.SerialInitContextFactory, java.naming.factory.state=com.sun.corba.ee.impl.presentation.rmi.JNDIStateFactoryImpl, java.naming.factory.url.pkgs=com.sun.enterprise.naming}" type="javax.naming.NamingException">javax.naming.NamingException: Lookup failed for &apos;java:global/marieu.fou-1.0.0-SNAPSHOT/ProductDAO&apos; in SerialContext[myEnv={java.naming.factory.initial=com.sun.enterprise.naming.impl.SerialInitContextFactory, java.naming.factory.state=com.sun.corba.ee.impl.presentation.rmi.JNDIStateFactoryImpl, java.naming.factory.url.pkgs=com.sun.enterprise.naming} [Root exception is javax.naming.NameNotFoundException: ProductDAO not found]
	at com.sun.enterprise.naming.impl.SerialContext.lookup(SerialContext.java:491)
	at com.sun.enterprise.naming.impl.SerialContext.lookup(SerialContext.java:438)
	at javax.naming.InitialContext.lookup(InitialContext.java:417)
	at com.rizomm.matgot.marieu.fou.ejb.ProductEJBTest.shouldCreateFailProduct(ProductEJBTest.java:23)
	at sun.reflect.NativeMethodAccessorImpl.invoke0(Native Method)
	at sun.reflect.NativeMethodAccessorImpl.invoke(NativeMethodAccessorImpl.java:62)
	at sun.reflect.DelegatingMethodAccessorImpl.invoke(DelegatingMethodAccessorImpl.java:43)
	at java.lang.reflect.Method.invoke(Method.java:498)
	at org.junit.runners.model.FrameworkMethod$1.runReflectiveCall(FrameworkMethod.java:47)
	at org.junit.internal.runners.model.ReflectiveCallable.run(ReflectiveCallable.java:12)
	at org.junit.runners.model.FrameworkMethod.invokeExplosively(FrameworkMethod.java:44)
	at org.junit.internal.runners.statements.InvokeMethod.evaluate(InvokeMethod.java:17)
	at org.junit.internal.runners.statements.RunBefores.evaluate(RunBefores.java:26)
	at org.junit.internal.runners.statements.RunAfters.evaluate(RunAfters.java:27)
	at org.junit.runners.ParentRunner.runLeaf(ParentRunner.java:271)
	at org.junit.runners.BlockJUnit4ClassRunner.runChild(BlockJUnit4ClassRunner.java:70)
	at org.junit.runners.BlockJUnit4ClassRunner.runChild(BlockJUnit4ClassRunner.java:50)
	at org.junit.runners.ParentRunner$3.run(ParentRunner.java:238)
	at org.junit.runners.ParentRunner$1.schedule(ParentRunner.java:63)
	at org.junit.runners.ParentRunner.runChildren(ParentRunner.java:236)
	at org.junit.runners.ParentRunner.access$000(ParentRunner.java:53)
	at org.junit.runners.ParentRunner$2.evaluate(ParentRunner.java:229)
	at org.junit.runners.ParentRunner.run(ParentRunner.java:309)
	at org.apache.maven.surefire.junit4.JUnit4TestSet.execute(JUnit4TestSet.java:53)
	at org.apache.maven.surefire.junit4.JUnit4Provider.executeTestSet(JUnit4Provider.java:123)
	at org.apache.maven.surefire.junit4.JUnit4Provider.invoke(JUnit4Provider.java:104)
	at sun.reflect.NativeMethodAccessorImpl.invoke0(Native Method)
	at sun.reflect.NativeMethodAccessorImpl.invoke(NativeMethodAccessorImpl.java:62)
	at sun.reflect.DelegatingMethodAccessorImpl.invoke(DelegatingMethodAccessorImpl.java:43)
	at java.lang.reflect.Method.invoke(Method.java:498)
	at org.apache.maven.surefire.util.ReflectionUtils.invokeMethodWithArray(ReflectionUtils.java:164)
	at org.apache.maven.surefire.booter.ProviderFactory$ProviderProxy.invoke(ProviderFactory.java:110)
	at org.apache.maven.surefire.booter.SurefireStarter.invokeProvider(SurefireStarter.java:175)
	at org.apache.maven.surefire.booter.SurefireStarter.runSuitesInProcessWhenForked(SurefireStarter.java:107)
	at org.apache.maven.surefire.booter.ForkedBooter.main(ForkedBooter.java:68)
Caused by: javax.naming.NameNotFoundException: ProductDAO not found
	at com.sun.enterprise.naming.impl.TransientContext.doLookup(TransientContext.java:237)
	at com.sun.enterprise.naming.impl.TransientContext.lookup(TransientContext.java:204)
	at com.sun.enterprise.naming.impl.TransientContext.lookup(TransientContext.java:208)
	at com.sun.enterprise.naming.impl.TransientContext.lookup(TransientContext.java:208)
	at com.sun.enterprise.naming.impl.SerialContextProviderImpl.lookup(SerialContextProviderImpl.java:66)
	at com.sun.enterprise.naming.impl.RemoteSerialContextProviderImpl.lookup(RemoteSerialContextProviderImpl.java:109)
	at sun.reflect.NativeMethodAccessorImpl.invoke0(Native Method)
	at sun.reflect.NativeMethodAccessorImpl.invoke(NativeMethodAccessorImpl.java:62)
	at sun.reflect.DelegatingMethodAccessorImpl.invoke(DelegatingMethodAccessorImpl.java:43)
	at java.lang.reflect.Method.invoke(Method.java:498)
	at com.sun.corba.ee.impl.presentation.rmi.ReflectiveTie.dispatchToMethod(ReflectiveTie.java:143)
	at com.sun.corba.ee.impl.presentation.rmi.ReflectiveTie._invoke(ReflectiveTie.java:173)
	at com.sun.corba.ee.impl.protocol.ServerRequestDispatcherImpl.dispatchToServant(ServerRequestDispatcherImpl.java:528)
	at com.sun.corba.ee.impl.protocol.ServerRequestDispatcherImpl.dispatch(ServerRequestDispatcherImpl.java:199)
	at com.sun.corba.ee.impl.protocol.MessageMediatorImpl.handleRequestRequest(MessageMediatorImpl.java:1549)
	at com.sun.corba.ee.impl.protocol.MessageMediatorImpl.handleRequest(MessageMediatorImpl.java:1425)
	at com.sun.corba.ee.impl.protocol.MessageMediatorImpl.handleInput(MessageMediatorImpl.java:930)
	at com.sun.corba.ee.impl.protocol.giopmsgheaders.RequestMessage_1_2.callback(RequestMessage_1_2.java:213)
	at com.sun.corba.ee.impl.protocol.MessageMediatorImpl.handleRequest(MessageMediatorImpl.java:694)
	at com.sun.corba.ee.impl.protocol.MessageMediatorImpl.dispatch(MessageMediatorImpl.java:496)
	at com.sun.corba.ee.impl.protocol.MessageMediatorImpl.doWork(MessageMediatorImpl.java:2222)
	at com.sun.corba.ee.impl.threadpool.ThreadPoolImpl$WorkerThread.performWork(ThreadPoolImpl.java:497)
	at com.sun.corba.ee.impl.threadpool.ThreadPoolImpl$WorkerThread.run(ThreadPoolImpl.java:540)
</error>
  </testcase>
</testsuite>